Arguments: 
  /home/prince/.nvm/versions/node/v20.2.0/bin/node /home/prince/.nvm/versions/node/v20.2.0/bin/yarn

PATH: 
  /home/prince/.deno/bin:/home/prince/.yarn/bin:/home/prince/.config/yarn/global/node_modules/.bin:/home/prince/.deno/bin:/home/prince/.yarn/bin:/home/prince/.config/yarn/global/node_modules/.bin:/home/prince/.deno/bin:/home/prince/.yarn/bin:/home/prince/.config/yarn/global/node_modules/.bin:/home/prince/.nvm/versions/node/v20.2.0/bin:/home/prince/.cargo/bin:/home/prince/.local/bin:/home/prince/bin:/usr/local/sbin:/usr/local/bin:/usr/sbin:/usr/bin:/sbin:/bin:/usr/games:/usr/local/games:/snap/bin://home/prince/Documents/scraper://home/prince/Documents/scraper://home/prince/Documents/scraper

Yarn version: 
  1.22.19

Node version: 
  20.2.0

Platform: 
  linux x64

Trace: 
  AggregateError
      at internalConnectMultiple (node:net:1103:18)
      at internalConnectMultiple (node:net:1161:5)
      at internalConnectMultiple (node:net:1161:5)
      at internalConnectMultiple (node:net:1161:5)
      at internalConnectMultiple (node:net:1161:5)
      at internalConnectMultiple (node:net:1161:5)
      at internalConnectMultiple (node:net:1161:5)
      at internalConnectMultiple (node:net:1161:5)
      at internalConnectMultiple (node:net:1161:5)

npm manifest: 
  {
    "name": "canadian_admission",
    "scripts": {
      "dev": "solid-start dev",
      "build": "solid-start build",
      "start": "solid-start start"
    },
    "type": "module",
    "devDependencies": {
      "autoprefixer": "^10.4.13",
      "postcss": "^8.4.21",
      "solid-start-node": "^0.2.19",
      "tailwindcss": "^3.2.4",
      "typescript": "^4.9.4",
      "vite": "^4.1.4"
    },
    "dependencies": {
      "@solidjs/meta": "^0.28.2",
      "@solidjs/router": "^0.8.2",
      "solid-js": "^1.7.2",
      "solid-start": "^0.2.26",
      "undici": "^5.15.1"
    },
    "engines": {
      "node": ">=16"
    }
  }

yarn manifest: 
  No manifest

Lockfile: 
  No lockfile
